<?xml version="1.0" encoding="UTF-8"?>
<!-- Generated by org.testng.reporters.JUnitXMLReporter -->
<testsuite ignored="1" hostname="DESKTOP-7KBB9M5" failures="0" tests="1" name="Default test" time="3.08" errors="0" timestamp="2022-05-09T08:59:54 IST">
  <testcase classname="com.restapi.test.GetAPITest" name="getAPITTesting" time="3.014"/>
  <testcase classname="com.restapi.test.GetAPITest" name="getAPITTest" time="0.0">
    <ignored/>
  </testcase> <!-- getAPITTest -->
</testsuite> <!-- Default test -->
