<?xml version="1.0" encoding="UTF-8"?>
<testng-results ignored="1" total="2" passed="1" failed="0" skipped="0">
  <reporter-output>
  </reporter-output>
  <suite started-at="2022-05-09T08:59:51 IST" name="Default suite" finished-at="2022-05-09T08:59:54 IST" duration-ms="3080">
    <groups>
    </groups>
    <test started-at="2022-05-09T08:59:51 IST" name="Default test" finished-at="2022-05-09T08:59:54 IST" duration-ms="3080">
      <class name="com.restapi.test.GetAPITest">
        <test-method is-config="true" signature="setUp()[pri:0, instance:com.restapi.test.GetAPITest@48974e45]" started-at="2022-05-09T08:59:51 IST" name="setUp" finished-at="2022-05-09T08:59:51 IST" duration-ms="22" status="PASS">
          <reporter-output>
          </reporter-output>
        </test-method> <!-- setUp -->
        <test-method signature="getAPITTesting()[pri:2, instance:com.restapi.test.GetAPITest@48974e45]" started-at="2022-05-09T08:59:51 IST" name="getAPITTesting" finished-at="2022-05-09T08:59:54 IST" duration-ms="3014" status="PASS">
          <reporter-output>
          </reporter-output>
        </test-method> <!-- getAPITTesting -->
      </class> <!-- com.restapi.test.GetAPITest -->
    </test> <!-- Default test -->
  </suite> <!-- Default suite -->
</testng-results>
